<?xml version="1.0" encoding="UTF-8"?>
<testsuite name="test.LoginTest" tests="1" skipped="0" failures="0" errors="0" timestamp="2021-10-17T16:54:01" hostname="DESKTOP-3UOK3PE" time="0.987">
  <properties/>
  <testcase name="negativeLoginWrongPassword" classname="test.LoginTest" time="0.987"/>
  <system-out><![CDATA[19:54:01  INFO  aplication.MyListener - Start finding element by ------>By.xpath: //a[text()=' Log in ']
19:54:01  INFO  aplication.MyListener - The element -->By.xpath: //a[text()=' Log in ']was found
19:54:01  INFO  aplication.MyListener - Start finding element by ------>By.id: email
19:54:01  INFO  aplication.MyListener - The element -->By.id: emailwas found
19:54:01  INFO  aplication.MyListener - Start finding element by ------>By.id: password
19:54:01  INFO  aplication.MyListener - The element -->By.id: passwordwas found
19:54:02  INFO  aplication.MyListener - Start finding element by ------>By.xpath: //button[@type='submit']
19:54:02  INFO  aplication.MyListener - The element -->By.xpath: //button[@type='submit']was found
19:54:02  INFO  aplication.MyListener - Start finding element by ------>By.cssSelector: .dialog-container h2
19:54:02  INFO  aplication.MyListener - The element -->By.cssSelector: .dialog-container h2was found
19:54:02  INFO  aplication.MyListener - Start finding element by ------>By.xpath: //button[.='Ok']
19:54:02  INFO  aplication.MyListener - The element -->By.xpath: //button[.='Ok']was found
19:54:02  INFO  aplication.MyListener - Start finding element by ------>By.xpath: //button[text()='Ok']
19:54:02  INFO  aplication.MyListener - The element -->By.xpath: //button[text()='Ok']was found
19:54:02  INFO  aplication.MyListener - Start finding element by ------>By.xpath: //button[text()='Ok']
19:54:02  INFO  aplication.MyListener - The element -->By.xpath: //button[text()='Ok']was found
19:54:02  INFO  aplication.MyListener - Start finding element by ------>By.xpath: //a[text()=' Logout ']
19:54:02  INFO  aplication.MyListener - The element -->By.xpath: //a[text()=' Logout ']was found
19:54:02  INFO  aplication.MyListener - Start finding element by ------>By.xpath: //a[text()=' Logout ']
19:54:02  INFO  aplication.MyListener - The element -->By.xpath: //a[text()=' Logout ']was found
]]></system-out>
  <system-err><![CDATA[]]></system-err>
</testsuite>
