<?xml version="1.0" encoding="UTF-8"?>
<testsuite name="test.AddNewCarTest" tests="1" skipped="0" failures="0" errors="0" timestamp="2021-10-17T16:54:03" hostname="DESKTOP-3UOK3PE" time="9.382">
  <properties/>
  <testcase name="addNewCarSuccess" classname="test.AddNewCarTest" time="9.382"/>
  <system-out><![CDATA[19:54:03  INFO  aplication.MyListener - Start finding element by ------>By.xpath: //a[text()=' Log in ']
19:54:03  INFO  aplication.MyListener - The element -->By.xpath: //a[text()=' Log in ']was found
19:54:03  INFO  aplication.MyListener - Start finding element by ------>By.id: email
19:54:03  INFO  aplication.MyListener - The element -->By.id: emailwas found
19:54:03  INFO  aplication.MyListener - Start finding element by ------>By.id: password
19:54:03  INFO  aplication.MyListener - The element -->By.id: passwordwas found
19:54:03  INFO  aplication.MyListener - Start finding element by ------>By.xpath: //button[@type='submit']
19:54:03  INFO  aplication.MyListener - The element -->By.xpath: //button[@type='submit']was found
19:54:03  INFO  aplication.MyListener - Start finding element by ------>By.xpath: //a[@href='/let-car-work']
19:54:03  INFO  aplication.MyListener - The element -->By.xpath: //a[@href='/let-car-work']was found
19:54:03  INFO  aplication.MyListener - Start finding element by ------>By.id: pickUpPlace
19:54:03  INFO  aplication.MyListener - The element -->By.id: pickUpPlacewas found
19:54:04  INFO  aplication.MyListener - Start finding element by ------>By.cssSelector: div.pac-item
19:54:04  INFO  aplication.MyListener - The element -->By.cssSelector: div.pac-itemwas found
19:54:05  INFO  aplication.MyListener - Start finding element by ------>By.id: make
19:54:05  INFO  aplication.MyListener - The element -->By.id: makewas found
19:54:05  INFO  aplication.MyListener - Start finding element by ------>By.id: model
19:54:05  INFO  aplication.MyListener - The element -->By.id: modelwas found
19:54:05  INFO  aplication.MyListener - Start finding element by ------>By.id: year
19:54:05  INFO  aplication.MyListener - The element -->By.id: yearwas found
19:54:05  INFO  aplication.MyListener - Start finding element by ------>By.id: engine
19:54:05  INFO  aplication.MyListener - The element -->By.id: enginewas found
19:54:05  INFO  aplication.MyListener - Start finding element by ------>By.id: fuel
19:54:05  INFO  aplication.MyListener - The element -->By.id: fuelwas found
19:54:05  INFO  aplication.MyListener - Start finding element by ------>By.xpath: .//option[@value = "Petrol"]
19:54:05  INFO  aplication.MyListener - The element -->By.xpath: .//option[@value = "Petrol"]was found
19:54:05  INFO  aplication.MyListener - Start finding element by ------>By.id: gear
19:54:05  INFO  aplication.MyListener - The element -->By.id: gearwas found
19:54:05  INFO  aplication.MyListener - Start finding element by ------>By.xpath: .//option[@value = "MT"]
19:54:05  INFO  aplication.MyListener - The element -->By.xpath: .//option[@value = "MT"]was found
19:54:06  INFO  aplication.MyListener - Start finding element by ------>By.id: wheelsDrive
19:54:06  INFO  aplication.MyListener - The element -->By.id: wheelsDrivewas found
19:54:06  INFO  aplication.MyListener - Start finding element by ------>By.xpath: .//option[@value = "AWD"]
19:54:06  INFO  aplication.MyListener - The element -->By.xpath: .//option[@value = "AWD"]was found
19:54:06  INFO  aplication.MyListener - Start finding element by ------>By.id: doors
19:54:06  INFO  aplication.MyListener - The element -->By.id: doorswas found
19:54:06  INFO  aplication.MyListener - Start finding element by ------>By.id: seats
19:54:06  INFO  aplication.MyListener - The element -->By.id: seatswas found
19:54:06  INFO  aplication.MyListener - Start finding element by ------>By.id: class
19:54:06  INFO  aplication.MyListener - The element -->By.id: classwas found
19:54:06  INFO  aplication.MyListener - Start finding element by ------>By.id: fuelConsumption
19:54:06  INFO  aplication.MyListener - The element -->By.id: fuelConsumptionwas found
19:54:06  INFO  aplication.MyListener - Start finding element by ------>By.id: serialNumber
19:54:06  INFO  aplication.MyListener - The element -->By.id: serialNumberwas found
19:54:06  INFO  aplication.MyListener - Start finding element by ------>By.id: price
19:54:06  INFO  aplication.MyListener - The element -->By.id: pricewas found
19:54:07  INFO  aplication.MyListener - Start finding element by ------>By.id: distance
19:54:07  INFO  aplication.MyListener - The element -->By.id: distancewas found
19:54:07  INFO  aplication.MyListener - Start finding element by ------>By.cssSelector: .feature-input
19:54:07  INFO  aplication.MyListener - The element -->By.cssSelector: .feature-inputwas found
19:54:07  INFO  aplication.MyListener - Start finding element by ------>By.id: about
19:54:07  INFO  aplication.MyListener - The element -->By.id: aboutwas found
19:54:07  INFO  aplication.MyListener - Start finding element by ------>By.id: photos
19:54:07  INFO  aplication.MyListener - The element -->By.id: photoswas found
19:54:12  INFO  aplication.MyListener - Start finding element by ------>By.xpath: //button[text()='Submit']
19:54:12  INFO  aplication.MyListener - The element -->By.xpath: //button[text()='Submit']was found
19:54:12  INFO  aplication.MyListener - Start finding element by ------>By.xpath: //button[text()='Submit']
19:54:12  INFO  aplication.MyListener - The element -->By.xpath: //button[text()='Submit']was found
19:54:12  INFO  aplication.MyListener - Start finding element by ------>By.xpath: //button[text()='Search cars']
19:54:14  INFO  aplication.MyListener - The element -->By.xpath: //button[text()='Search cars']was found
19:54:14  INFO  aplication.MyListener - Start finding element by ------>By.xpath: //button[text()='Search cars']
19:54:14  INFO  aplication.MyListener - The element -->By.xpath: //button[text()='Search cars']was found
19:54:14  INFO  aplication.MyListener - Start finding element by ------>By.xpath: //a[text()=' Logout ']
19:54:14  INFO  aplication.MyListener - The element -->By.xpath: //a[text()=' Logout ']was found
19:54:14  INFO  aplication.MyListener - Start finding element by ------>By.xpath: //a[text()=' Logout ']
19:54:14  INFO  aplication.MyListener - The element -->By.xpath: //a[text()=' Logout ']was found
]]></system-out>
  <system-err><![CDATA[]]></system-err>
</testsuite>
