<?xml version="1.0" encoding="UTF-8"?>
<testsuite name="test.FindYourCarTest" tests="1" skipped="0" failures="0" errors="0" timestamp="2021-10-17T16:54:14" hostname="DESKTOP-3UOK3PE" time="1.535">
  <properties/>
  <testcase name="positiveFoundCar" classname="test.FindYourCarTest" time="1.535"/>
  <system-out><![CDATA[19:54:14  INFO  aplication.MyListener - Start finding element by ------>By.id: city
19:54:14  INFO  aplication.MyListener - The element -->By.id: citywas found
19:54:14  INFO  aplication.MyListener - Start finding element by ------>By.xpath: //div[@class='pac-container pac-logo']//div[1]
19:54:15  INFO  aplication.MyListener - The element -->By.xpath: //div[@class='pac-container pac-logo']//div[1]was found
19:54:15  INFO  aplication.MyListener - Start finding element by ------>By.id: dates
19:54:15  INFO  aplication.MyListener - The element -->By.id: dateswas found
19:54:15  INFO  aplication.MyListener - Start finding element by ------>By.cssSelector: button[aria-label='Choose month and year']
19:54:15  INFO  aplication.MyListener - The element -->By.cssSelector: button[aria-label='Choose month and year']was found
19:54:15  INFO  aplication.MyListener - Start finding element by ------>By.xpath: //div[text()=' 2021 ']
19:54:15  INFO  aplication.MyListener - The element -->By.xpath: //div[text()=' 2021 ']was found
19:54:15  INFO  aplication.MyListener - Start finding element by ------>By.xpath: //div[text()=' DEC ']
19:54:15  INFO  aplication.MyListener - The element -->By.xpath: //div[text()=' DEC ']was found
19:54:15  INFO  aplication.MyListener - Start finding element by ------>By.xpath: //div[text()=' 12 ']
19:54:15  INFO  aplication.MyListener - The element -->By.xpath: //div[text()=' 12 ']was found
19:54:15  INFO  aplication.MyListener - Start finding element by ------>By.xpath: //div[text()=' 15 ']
19:54:15  INFO  aplication.MyListener - The element -->By.xpath: //div[text()=' 15 ']was found
19:54:15  INFO  aplication.MyListener - Start finding element by ------>By.cssSelector: button[type='submit']
19:54:15  INFO  aplication.MyListener - The element -->By.cssSelector: button[type='submit']was found
19:54:15  INFO  aplication.MyListener - Start finding element by ------>By.cssSelector: button[type='submit']
19:54:16  INFO  aplication.MyListener - The element -->By.cssSelector: button[type='submit']was found
19:54:16  INFO  aplication.MyListener - Start finding element by ------>By.xpath: //div[@class='header']//a[@class='logo']
19:54:16  INFO  aplication.MyListener - The element -->By.xpath: //div[@class='header']//a[@class='logo']was found
]]></system-out>
  <system-err><![CDATA[]]></system-err>
</testsuite>
